v00148                       16.000000
v00162                       13.000000
v00168                       19.000000
v00197                       35.000000
v00246                       27.000000
v00247                       62.000000
v00249                       20.000000
v00251                       17.000000
v00253                       36.000000
v00256                        7.000000
v00259                       28.000000
v00260                       29.000000
v00262                       35.000000
v00264                       24.000000
v00266                       64.000000
v00268                       43.000000
v00269                        9.000000
v00278                       60.000000
v00304                        2.000000
v00394                       63.000000
v00407                        1.000000
v00418                      608.000000
v00431                    -3040.000000
v00440                      -27.000000
v00482                      -62.000000
v00527                      -20.000000
v00528                      -36.000000
v00554                     3040.000000
v00571                     3040.000000
v00601                      -63.000000
v00603                      -17.000000
v00605                      -16.000000
v00607                       -7.000000
v00609                      -13.000000
v00611                      -28.000000
v00613                      -29.000000
v00615                      -35.000000
v00616                      -24.000000
v00618                      -64.000000
v00620                      -43.000000
v00622                       -9.000000
v00624                      -35.000000
v00626                      -19.000000
v00628                       -2.000000
v00630                      -60.000000
v00773                        1.000000
